[     854ms] Uncaught Error: Minified React error #418; visit https://react.dev/errors/418?args[]=HTML&args[]= for the full message or use the non-minified dev environment for full errors and additional helpful warnings.
    at rY (https://assets.higgsfield.ai/main/_next/static/chunks/3705-249db167ccb2e7b5.js?dpl=dpl-mnx7dxo4:0:153355)
    at is (https://assets.higgsfield.ai/main/_next/static/chunks/3705-249db167ccb2e7b5.js?dpl=dpl-mnx7dxo4:0:204256)
    at sp (https://assets.higgsfield.ai/main/_next/static/chunks/3705-249db167ccb2e7b5.js?dpl=dpl-mnx7dxo4:0:244727)
    at <anonymous> (https://assets.higgsfield.ai/main/_next/static/chunks/3705-249db167ccb2e7b5.js?dpl=dpl-mnx7dxo4:0:239617)
    at st (https://assets.higgsfield.ai/main/_next/static/chunks/3705-249db167ccb2e7b5.js?dpl=dpl-mnx7dxo4:0:239718)
    at s$ (https://assets.higgsfield.ai/main/_next/static/chunks/3705-249db167ccb2e7b5.js?dpl=dpl-mnx7dxo4:0:266106)
    at k (https://assets.higgsfield.ai/main/_next/static/chunks/3705-249db167ccb2e7b5.js?dpl=dpl-mnx7dxo4:0:94529)
[    1223ms] [ERROR] Failed to load resource: the server responded with a status of 401 () @ https://fnf.higgsfield.ai/workspaces/settings:0
[    1239ms] [ERROR] Failed to load resource: the server responded with a status of 401 () @ https://fnf.higgsfield.ai/user:0
[    1287ms] [ERROR] Failed to load resource: the server responded with a status of 401 () @ https://fnf.higgsfield.ai/workspaces/subscription:0
[    2146ms] [ERROR] `DialogContent` requires a `DialogTitle` for the component to be accessible for screen reader users.

If you want to hide the `DialogTitle`, you can wrap it with our VisuallyHidden component.

For more information, see https://radix-ui.com/primitives/docs/components/dialog @ https://assets.higgsfield.ai/main/_next/static/chunks/sentry-e6a7022f41176ad9.js?dpl=dpl-mnx7dxo4:15
[    2146ms] [WARNING] Warning: Missing `Description` or `aria-describedby={undefined}` for {DialogContent}. @ https://assets.higgsfield.ai/main/_next/static/chunks/sentry-e6a7022f41176ad9.js?dpl=dpl-mnx7dxo4:15
[    2170ms] [WARNING] [GSI_LOGGER]: Your client application uses one of the Google One Tap prompt UI status methods that may stop functioning when FedCM becomes mandatory. Refer to the migration guide to update your code accordingly and opt-in to FedCM to test your changes. Learn more: https://developers.google.com/identity/gsi/web/guides/fedcm-migration?s=dc#display_moment and https://developers.google.com/identity/gsi/web/guides/fedcm-migration?s=dc#skipped_moment @ https://assets.higgsfield.ai/main/_next/static/chunks/sentry-e6a7022f41176ad9.js?dpl=dpl-mnx7dxo4:15
[    2171ms] [ERROR] Not signed in with the identity provider. @ https://higgsfield.ai/image/nano_banana_2:0
[    2367ms] [ERROR] [GSI_LOGGER]: FedCM get() rejects with NetworkError: Error retrieving a token. @ https://assets.higgsfield.ai/main/_next/static/chunks/sentry-e6a7022f41176ad9.js?dpl=dpl-mnx7dxo4:15
[    2368ms] [ERROR] Failed to load resource: the server responded with a status of 401 () @ https://fnf.higgsfield.ai/workspaces/subscription:0
[    4434ms] [ERROR] Failed to load resource: the server responded with a status of 401 () @ https://fnf.higgsfield.ai/workspaces/subscription:0
[    8507ms] [ERROR] Failed to load resource: the server responded with a status of 401 () @ https://fnf.higgsfield.ai/workspaces/subscription:0
[   10661ms] [WARNING] [ABTest] GrowthBook resolve: {featureKey: upgrade-flow-ab-test, featureSource: unknownFeature, isFromGrowthBook: false, variantId: old_flow, variantExists: true} @ https://assets.higgsfield.ai/main/_next/static/chunks/sentry-e6a7022f41176ad9.js?dpl=dpl-mnx7dxo4:15
[   13948ms] [WARNING] The resource https://assets.higgsfield.ai/main/_next/static/css/c77972a601a4d7fe.css?dpl=dpl-mnx7dxo4 was preloaded using link preload but not used within a few seconds from the window's load event. Please make sure it has an appropriate `as` value and it is preloaded intentionally. @ https://higgsfield.ai/image/nano_banana_2:0
[   13948ms] [WARNING] The resource https://assets.higgsfield.ai/main/_next/static/css/6f617f7d77907a16.css?dpl=dpl-mnx7dxo4 was preloaded using link preload but not used within a few seconds from the window's load event. Please make sure it has an appropriate `as` value and it is preloaded intentionally. @ https://higgsfield.ai/image/nano_banana_2:0
[   13948ms] [WARNING] The resource https://assets.higgsfield.ai/main/_next/static/css/8db8776d9aa2cab2.css?dpl=dpl-mnx7dxo4 was preloaded using link preload but not used within a few seconds from the window's load event. Please make sure it has an appropriate `as` value and it is preloaded intentionally. @ https://higgsfield.ai/image/nano_banana_2:0
[   18711ms] [WARNING] The resource https://assets.higgsfield.ai/main/_next/static/css/c77972a601a4d7fe.css?dpl=dpl-mnx7dxo4 was preloaded using link preload but not used within a few seconds from the window's load event. Please make sure it has an appropriate `as` value and it is preloaded intentionally. @ https://higgsfield.ai/image/nano_banana_2:0
[   18711ms] [WARNING] The resource https://assets.higgsfield.ai/main/_next/static/css/6f617f7d77907a16.css?dpl=dpl-mnx7dxo4 was preloaded using link preload but not used within a few seconds from the window's load event. Please make sure it has an appropriate `as` value and it is preloaded intentionally. @ https://higgsfield.ai/image/nano_banana_2:0
[   18711ms] [WARNING] The resource https://assets.higgsfield.ai/main/_next/static/css/8db8776d9aa2cab2.css?dpl=dpl-mnx7dxo4 was preloaded using link preload but not used within a few seconds from the window's load event. Please make sure it has an appropriate `as` value and it is preloaded intentionally. @ https://higgsfield.ai/image/nano_banana_2:0
[   22966ms] Uncaught Error: Minified React error #418; visit https://react.dev/errors/418?args[]=HTML&args[]= for the full message or use the non-minified dev environment for full errors and additional helpful warnings.
    at rY (https://assets.higgsfield.ai/main/_next/static/chunks/3705-249db167ccb2e7b5.js?dpl=dpl-mnx7dxo4:0:153355)
    at is (https://assets.higgsfield.ai/main/_next/static/chunks/3705-249db167ccb2e7b5.js?dpl=dpl-mnx7dxo4:0:204256)
    at sp (https://assets.higgsfield.ai/main/_next/static/chunks/3705-249db167ccb2e7b5.js?dpl=dpl-mnx7dxo4:0:244727)
    at <anonymous> (https://assets.higgsfield.ai/main/_next/static/chunks/3705-249db167ccb2e7b5.js?dpl=dpl-mnx7dxo4:0:239617)
    at st (https://assets.higgsfield.ai/main/_next/static/chunks/3705-249db167ccb2e7b5.js?dpl=dpl-mnx7dxo4:0:239718)
    at s$ (https://assets.higgsfield.ai/main/_next/static/chunks/3705-249db167ccb2e7b5.js?dpl=dpl-mnx7dxo4:0:266106)
    at k (https://assets.higgsfield.ai/main/_next/static/chunks/3705-249db167ccb2e7b5.js?dpl=dpl-mnx7dxo4:0:94529)
[   23224ms] [ERROR] Failed to load resource: the server responded with a status of 401 () @ https://fnf.higgsfield.ai/workspaces/settings:0
[   23225ms] [ERROR] Failed to load resource: the server responded with a status of 401 () @ https://fnf.higgsfield.ai/workspaces/subscription:0
[   23272ms] [ERROR] Failed to load resource: the server responded with a status of 401 () @ https://fnf.higgsfield.ai/user:0
[   23564ms] [ERROR] Failed to load resource: the server responded with a status of 401 () @ https://fnf.higgsfield.ai/user:0
[   23629ms] [WARNING] [ABTest] GrowthBook resolve: {featureKey: upgrade-flow-ab-test, featureSource: experiment, isFromGrowthBook: true, variantId: new_flow, variantExists: true} @ https://assets.higgsfield.ai/main/_next/static/chunks/sentry-e6a7022f41176ad9.js?dpl=dpl-mnx7dxo4:15
[   24217ms] [WARNING] [GSI_LOGGER]: Your client application uses one of the Google One Tap prompt UI status methods that may stop functioning when FedCM becomes mandatory. Refer to the migration guide to update your code accordingly and opt-in to FedCM to test your changes. Learn more: https://developers.google.com/identity/gsi/web/guides/fedcm-migration?s=dc#display_moment and https://developers.google.com/identity/gsi/web/guides/fedcm-migration?s=dc#skipped_moment @ https://assets.higgsfield.ai/main/_next/static/chunks/sentry-e6a7022f41176ad9.js?dpl=dpl-mnx7dxo4:15
[   24217ms] [ERROR] Not signed in with the identity provider. @ https://higgsfield.ai/image/nano_banana_2:0
[   24297ms] [ERROR] Failed to load resource: the server responded with a status of 401 () @ https://fnf.higgsfield.ai/workspaces/subscription:0
[   26385ms] [ERROR] Failed to load resource: the server responded with a status of 401 () @ https://fnf.higgsfield.ai/workspaces/subscription:0
[   30448ms] [ERROR] Failed to load resource: the server responded with a status of 401 () @ https://fnf.higgsfield.ai/workspaces/subscription:0
[   33458ms] [WARNING] The resource https://assets.higgsfield.ai/main/_next/static/css/c77972a601a4d7fe.css?dpl=dpl-mnx7dxo4 was preloaded using link preload but not used within a few seconds from the window's load event. Please make sure it has an appropriate `as` value and it is preloaded intentionally. @ https://higgsfield.ai/image/nano_banana_2:0
[   33458ms] [WARNING] The resource https://static.higgsfield.ai/original-series/zephyr-icon.webp was preloaded using link preload but not used within a few seconds from the window's load event. Please make sure it has an appropriate `as` value and it is preloaded intentionally. @ https://higgsfield.ai/image/nano_banana_2:0
[   33458ms] [WARNING] The resource https://static.higgsfield.ai/original-series/zephyr-3x4-main.webp was preloaded using link preload but not used within a few seconds from the window's load event. Please make sure it has an appropriate `as` value and it is preloaded intentionally. @ https://higgsfield.ai/image/nano_banana_2:0
[   33458ms] [WARNING] The resource https://assets.higgsfield.ai/main/_next/static/css/6f617f7d77907a16.css?dpl=dpl-mnx7dxo4 was preloaded using link preload but not used within a few seconds from the window's load event. Please make sure it has an appropriate `as` value and it is preloaded intentionally. @ https://higgsfield.ai/image/nano_banana_2:0
[   33458ms] [WARNING] The resource https://assets.higgsfield.ai/main/_next/static/css/8db8776d9aa2cab2.css?dpl=dpl-mnx7dxo4 was preloaded using link preload but not used within a few seconds from the window's load event. Please make sure it has an appropriate `as` value and it is preloaded intentionally. @ https://higgsfield.ai/image/nano_banana_2:0
[   42317ms] [ERROR] [GSI_LOGGER]: FedCM get() rejects with NetworkError: Error retrieving a token. @ https://assets.higgsfield.ai/main/_next/static/chunks/sentry-e6a7022f41176ad9.js?dpl=dpl-mnx7dxo4:15
[   42533ms] [WARNING] The resource https://assets.higgsfield.ai/main/_next/static/css/c77972a601a4d7fe.css?dpl=dpl-mnx7dxo4 was preloaded using link preload but not used within a few seconds from the window's load event. Please make sure it has an appropriate `as` value and it is preloaded intentionally. @ https://higgsfield.ai/image/nano_banana_2:0
[   42533ms] [WARNING] The resource https://static.higgsfield.ai/original-series/zephyr-icon.webp was preloaded using link preload but not used within a few seconds from the window's load event. Please make sure it has an appropriate `as` value and it is preloaded intentionally. @ https://higgsfield.ai/image/nano_banana_2:0
[   42533ms] [WARNING] The resource https://static.higgsfield.ai/original-series/zephyr-3x4-main.webp was preloaded using link preload but not used within a few seconds from the window's load event. Please make sure it has an appropriate `as` value and it is preloaded intentionally. @ https://higgsfield.ai/image/nano_banana_2:0
[   42533ms] [WARNING] The resource https://assets.higgsfield.ai/main/_next/static/css/6f617f7d77907a16.css?dpl=dpl-mnx7dxo4 was preloaded using link preload but not used within a few seconds from the window's load event. Please make sure it has an appropriate `as` value and it is preloaded intentionally. @ https://higgsfield.ai/image/nano_banana_2:0
[   42533ms] [WARNING] The resource https://assets.higgsfield.ai/main/_next/static/css/8db8776d9aa2cab2.css?dpl=dpl-mnx7dxo4 was preloaded using link preload but not used within a few seconds from the window's load event. Please make sure it has an appropriate `as` value and it is preloaded intentionally. @ https://higgsfield.ai/image/nano_banana_2:0
[   46939ms] [WARNING] The resource https://assets.higgsfield.ai/main/_next/static/css/c77972a601a4d7fe.css?dpl=dpl-mnx7dxo4 was preloaded using link preload but not used within a few seconds from the window's load event. Please make sure it has an appropriate `as` value and it is preloaded intentionally. @ https://higgsfield.ai/image/seedream_v5_lite:0
[   46939ms] [WARNING] The resource https://static.higgsfield.ai/original-series/zephyr-icon.webp was preloaded using link preload but not used within a few seconds from the window's load event. Please make sure it has an appropriate `as` value and it is preloaded intentionally. @ https://higgsfield.ai/image/seedream_v5_lite:0
[   46939ms] [WARNING] The resource https://static.higgsfield.ai/original-series/zephyr-3x4-main.webp was preloaded using link preload but not used within a few seconds from the window's load event. Please make sure it has an appropriate `as` value and it is preloaded intentionally. @ https://higgsfield.ai/image/seedream_v5_lite:0
[   46939ms] [WARNING] The resource https://assets.higgsfield.ai/main/_next/static/css/6f617f7d77907a16.css?dpl=dpl-mnx7dxo4 was preloaded using link preload but not used within a few seconds from the window's load event. Please make sure it has an appropriate `as` value and it is preloaded intentionally. @ https://higgsfield.ai/image/seedream_v5_lite:0
[   46939ms] [WARNING] The resource https://assets.higgsfield.ai/main/_next/static/css/8db8776d9aa2cab2.css?dpl=dpl-mnx7dxo4 was preloaded using link preload but not used within a few seconds from the window's load event. Please make sure it has an appropriate `as` value and it is preloaded intentionally. @ https://higgsfield.ai/image/seedream_v5_lite:0
[   51712ms] [WARNING] The resource https://assets.higgsfield.ai/main/_next/static/css/c77972a601a4d7fe.css?dpl=dpl-mnx7dxo4 was preloaded using link preload but not used within a few seconds from the window's load event. Please make sure it has an appropriate `as` value and it is preloaded intentionally. @ https://higgsfield.ai/image/seedream_v5_lite:0
[   51712ms] [WARNING] The resource https://static.higgsfield.ai/original-series/zephyr-icon.webp was preloaded using link preload but not used within a few seconds from the window's load event. Please make sure it has an appropriate `as` value and it is preloaded intentionally. @ https://higgsfield.ai/image/seedream_v5_lite:0
[   51712ms] [WARNING] The resource https://static.higgsfield.ai/original-series/zephyr-3x4-main.webp was preloaded using link preload but not used within a few seconds from the window's load event. Please make sure it has an appropriate `as` value and it is preloaded intentionally. @ https://higgsfield.ai/image/seedream_v5_lite:0
[   51712ms] [WARNING] The resource https://assets.higgsfield.ai/main/_next/static/css/6f617f7d77907a16.css?dpl=dpl-mnx7dxo4 was preloaded using link preload but not used within a few seconds from the window's load event. Please make sure it has an appropriate `as` value and it is preloaded intentionally. @ https://higgsfield.ai/image/seedream_v5_lite:0
[   51712ms] [WARNING] The resource https://assets.higgsfield.ai/main/_next/static/css/8db8776d9aa2cab2.css?dpl=dpl-mnx7dxo4 was preloaded using link preload but not used within a few seconds from the window's load event. Please make sure it has an appropriate `as` value and it is preloaded intentionally. @ https://higgsfield.ai/image/seedream_v5_lite:0
[   86501ms] [WARNING] The resource https://assets.higgsfield.ai/main/_next/static/css/c77972a601a4d7fe.css?dpl=dpl-mnx7dxo4 was preloaded using link preload but not used within a few seconds from the window's load event. Please make sure it has an appropriate `as` value and it is preloaded intentionally. @ https://higgsfield.ai/image/seedream_v5_lite:0
[   86501ms] [WARNING] The resource https://static.higgsfield.ai/original-series/zephyr-icon.webp was preloaded using link preload but not used within a few seconds from the window's load event. Please make sure it has an appropriate `as` value and it is preloaded intentionally. @ https://higgsfield.ai/image/seedream_v5_lite:0
[   86501ms] [WARNING] The resource https://static.higgsfield.ai/original-series/zephyr-3x4-main.webp was preloaded using link preload but not used within a few seconds from the window's load event. Please make sure it has an appropriate `as` value and it is preloaded intentionally. @ https://higgsfield.ai/image/seedream_v5_lite:0
[   86501ms] [WARNING] The resource https://assets.higgsfield.ai/main/_next/static/css/6f617f7d77907a16.css?dpl=dpl-mnx7dxo4 was preloaded using link preload but not used within a few seconds from the window's load event. Please make sure it has an appropriate `as` value and it is preloaded intentionally. @ https://higgsfield.ai/image/seedream_v5_lite:0
[   86501ms] [WARNING] The resource https://assets.higgsfield.ai/main/_next/static/css/8db8776d9aa2cab2.css?dpl=dpl-mnx7dxo4 was preloaded using link preload but not used within a few seconds from the window's load event. Please make sure it has an appropriate `as` value and it is preloaded intentionally. @ https://higgsfield.ai/image/seedream_v5_lite:0
[  123491ms] Uncaught (in promise) GuestGenerationTriggeredError: Guest generation triggered
    at onMutate (https://assets.higgsfield.ai/main/_next/static/chunks/app/(private)/image/layout-78249dd03bc87072.js?dpl=dpl-mnx7dxo4:0:359177)
    at onMutate (https://assets.higgsfield.ai/main/_next/static/chunks/59448-b0564890f4a6e2e3.js?dpl=dpl-mnx7dxo4:0:3397)
    at execute (https://assets.higgsfield.ai/main/_next/static/chunks/26430-f474efee91adabd2.js?dpl=dpl-mnx7dxo4:0:11466)
[  123647ms] [WARNING] [sign-in] params: {redirectPath: /image/seedream_v5_lite, clerkRedirectUrl: null, raw: ?rp=%2Fimage%2Fseedream_v5_lite} @ https://assets.higgsfield.ai/main/_next/static/chunks/sentry-e6a7022f41176ad9.js?dpl=dpl-mnx7dxo4:15
[  132694ms] [WARNING] The resource https://assets.higgsfield.ai/main/_next/static/css/c77972a601a4d7fe.css?dpl=dpl-mnx7dxo4 was preloaded using link preload but not used within a few seconds from the window's load event. Please make sure it has an appropriate `as` value and it is preloaded intentionally. @ https://higgsfield.ai/auth/sign-in?rp=%2Fimage%2Fseedream_v5_lite:0
[  132694ms] [WARNING] The resource https://static.higgsfield.ai/original-series/zephyr-icon.webp was preloaded using link preload but not used within a few seconds from the window's load event. Please make sure it has an appropriate `as` value and it is preloaded intentionally. @ https://higgsfield.ai/auth/sign-in?rp=%2Fimage%2Fseedream_v5_lite:0
[  132695ms] [WARNING] The resource https://static.higgsfield.ai/original-series/zephyr-3x4-main.webp was preloaded using link preload but not used within a few seconds from the window's load event. Please make sure it has an appropriate `as` value and it is preloaded intentionally. @ https://higgsfield.ai/auth/sign-in?rp=%2Fimage%2Fseedream_v5_lite:0
[  132695ms] [WARNING] The resource https://assets.higgsfield.ai/main/_next/static/css/6f617f7d77907a16.css?dpl=dpl-mnx7dxo4 was preloaded using link preload but not used within a few seconds from the window's load event. Please make sure it has an appropriate `as` value and it is preloaded intentionally. @ https://higgsfield.ai/auth/sign-in?rp=%2Fimage%2Fseedream_v5_lite:0
[  132695ms] [WARNING] The resource https://assets.higgsfield.ai/main/_next/static/css/8db8776d9aa2cab2.css?dpl=dpl-mnx7dxo4 was preloaded using link preload but not used within a few seconds from the window's load event. Please make sure it has an appropriate `as` value and it is preloaded intentionally. @ https://higgsfield.ai/auth/sign-in?rp=%2Fimage%2Fseedream_v5_lite:0
[  311148ms] [WARNING] The resource https://assets.higgsfield.ai/main/_next/static/css/c77972a601a4d7fe.css?dpl=dpl-mnx7dxo4 was preloaded using link preload but not used within a few seconds from the window's load event. Please make sure it has an appropriate `as` value and it is preloaded intentionally. @ https://higgsfield.ai/auth/sign-in?rp=%2Fimage%2Fseedream_v5_lite:0
[  311148ms] [WARNING] The resource https://static.higgsfield.ai/original-series/zephyr-icon.webp was preloaded using link preload but not used within a few seconds from the window's load event. Please make sure it has an appropriate `as` value and it is preloaded intentionally. @ https://higgsfield.ai/auth/sign-in?rp=%2Fimage%2Fseedream_v5_lite:0
[  311148ms] [WARNING] The resource https://static.higgsfield.ai/original-series/zephyr-3x4-main.webp was preloaded using link preload but not used within a few seconds from the window's load event. Please make sure it has an appropriate `as` value and it is preloaded intentionally. @ https://higgsfield.ai/auth/sign-in?rp=%2Fimage%2Fseedream_v5_lite:0
[  311148ms] [WARNING] The resource https://assets.higgsfield.ai/main/_next/static/css/6f617f7d77907a16.css?dpl=dpl-mnx7dxo4 was preloaded using link preload but not used within a few seconds from the window's load event. Please make sure it has an appropriate `as` value and it is preloaded intentionally. @ https://higgsfield.ai/auth/sign-in?rp=%2Fimage%2Fseedream_v5_lite:0
[  311148ms] [WARNING] The resource https://assets.higgsfield.ai/main/_next/static/css/8db8776d9aa2cab2.css?dpl=dpl-mnx7dxo4 was preloaded using link preload but not used within a few seconds from the window's load event. Please make sure it has an appropriate `as` value and it is preloaded intentionally. @ https://higgsfield.ai/auth/sign-in?rp=%2Fimage%2Fseedream_v5_lite:0
[  337357ms] [VERBOSE] [DOM] Password field is not contained in a form: (More info: https://goo.gl/9p2vKq) %o @ https://accounts.google.com/v3/signin/identifier?opparams=%253F&dsh=S1127684392%3A1776090625036709&access_type=offline&client_id=565486769470-fhjhtkgh7hbrcsd4mt0632cmj0io1phm.apps.googleusercontent.com&o2v=1&redirect_uri=https%3A%2F%2Fclerk.higgsfield.ai%2Fv1%2Foauth_callback&response_type=code&scope=openid+https%3A%2F%2Fwww.googleapis.com%2Fauth%2Fuserinfo.email+https%3A%2F%2Fwww.googleapis.com%2Fauth%2Fuserinfo.profile&service=lso&state=btt8kqhd234f6p87jyx6hkfx84k5buplrall7wv7&flowName=GeneralOAuthFlow&continue=https%3A%2F%2Faccounts.google.com%2Fsignin%2Foauth%2Fconsent%3Fauthuser%3Dunknown%26part%3DAJi8hAOPFUPLdHGW5GYfDAsCUdAsRteoVnRw_aQKm_cpJqbqF9Zncrodkdm_wFWcYSUYW1kyHS6qrvuzIe_guaS6ZUBXXkzqMK_Lhb-o13sCzJFGqTpxI94oRbZvgW-wLGMAYR-aJlXBGv4mfWut332R8OshBWof-rR31c9NPYTozMKWBR6mRxcrQEx06OPo68H8jvcpAwni0jpT3XZYJjAdkByCEDg5-nyuu1M0_UuIagHT5rLh9RKK3t3OfTEBX_yUBMH4cdtMtte-BWD-K3rOJhaGkxiSvIDes5d23yuaGK1rEa5vavgZKK2s9ZSMD9LxcdF8NxbyQPLqM5tPO93JkHTA4RipMC1cRNTRN3NcobzHTP87xtkbwwTK22_O6P_9CCduOWBhHoy2mYtcxzoElpwWQV4dvdiRRCktQzjNWxT3RHl44WsbRhIZoV8f8srydXj4m9lnFlPzz16rlbXb3jgwgIzcJ4F-CrbYwDuXV1A52MpRfFo%26flowName%3DGeneralOAuthFlow%26as%3DS1127684392%253A1776090625036709%26client_id%3D565486769470-fhjhtkgh7hbrcsd4mt0632cmj0io1phm.apps.googleusercontent.com%26requestPath%3D%252Fsignin%252Foauth%252Fconsent%23&app_domain=https%3A%2F%2Fclerk.higgsfield.ai&rart=ANgoxcdRMTKHYmTU4zlcjokgiiEm7sQcEhgzvlrMXOVuCNtZ_Z8bXIHhafTK8Nr1M-dE6-3dDAJXmLdybB_CkbUavtXlIm0Lgz7NBWL7t-xfezVtjjMoliY:0
[  337361ms] [LOG] %c%s color: red; background: yellow; font-size: 24px; WARNING! @ https://www.gstatic.com/_/mss/boq-identity/_/js/k=boq-identity.AccountsSignInUi.en_US.llpEXSAT6Ik.es5.O/am=Kf8GAABCEUgGwP__HzIAIACCaOB6FoAmEBkAAAAAAAAAALBAAAAaAQ/d=1/excm=_b,_tp,identifierview/ed=1/dg=0/wt=2/ujg=1/rs=AOaEmlEm1NP2_k-7WWMhPCBfCBxeghVbrA/dti=1/m=_b,_tp:468
[  337361ms] [LOG] %c%s font-size: 18px; Using this console may allow attackers to impersonate you and steal your information using an attack called Self-XSS.
Do not enter or paste code that you do not understand. @ https://www.gstatic.com/_/mss/boq-identity/_/js/k=boq-identity.AccountsSignInUi.en_US.llpEXSAT6Ik.es5.O/am=Kf8GAABCEUgGwP__HzIAIACCaOB6FoAmEBkAAAAAAAAAALBAAAAaAQ/d=1/excm=_b,_tp,identifierview/ed=1/dg=0/wt=2/ujg=1/rs=AOaEmlEm1NP2_k-7WWMhPCBfCBxeghVbrA/dti=1/m=_b,_tp:468
